INFO:     Will watch for changes in these directories: ['C:\\Users\\18303\\OneDrive\\Documents\\code\\amplifyed-pulse']
INFO:     Uvicorn running on http://127.0.0.1:8001 (Press CTRL+C to quit)
INFO:     Started reloader process [12396] using StatReload
Process SpawnProcess-1:
Traceback (most recent call last):
  File "C:\Python312\Lib\multiprocessing\process.py", line 314, in _bootstrap
    self.run()
  File "C:\Python312\Lib\multiprocessing\process.py", line 108, in run
    self._target(*self._args, **self._kwargs)
  File "C:\Users\18303\OneDrive\Documents\code\amplifyed-pulse\.venv\Lib\site-packages\uvicorn\_subprocess.py", line 80, in subprocess_started
    target(sockets=sockets)
  File "C:\Users\18303\OneDrive\Documents\code\amplifyed-pulse\.venv\Lib\site-packages\uvicorn\server.py", line 67, in run
    return asyncio_run(self.serve(sockets=sockets), loop_factory=self.config.get_loop_factory())
           ^^^^^^^^^^^^^^^^^^^^^^^^^^^^^^^^^^^^^^^^^^^^^^^^^^^^^^^^^^^^^^^^^^^^^^^^^^^^^^^^^^^^^
  File "C:\Python312\Lib\asyncio\runners.py", line 194, in run
    return runner.run(main)
           ^^^^^^^^^^^^^^^^
  File "C:\Python312\Lib\asyncio\runners.py", line 118, in run
    return self._loop.run_until_complete(task)
           ^^^^^^^^^^^^^^^^^^^^^^^^^^^^^^^^^^^
  File "C:\Python312\Lib\asyncio\base_events.py", line 684, in run_until_complete
    return future.result()
           ^^^^^^^^^^^^^^^
  File "C:\Users\18303\OneDrive\Documents\code\amplifyed-pulse\.venv\Lib\site-packages\uvicorn\server.py", line 71, in serve
    await self._serve(sockets)
  File "C:\Users\18303\OneDrive\Documents\code\amplifyed-pulse\.venv\Lib\site-packages\uvicorn\server.py", line 78, in _serve
    config.load()
  File "C:\Users\18303\OneDrive\Documents\code\amplifyed-pulse\.venv\Lib\site-packages\uvicorn\config.py", line 439, in load
    self.loaded_app = import_from_string(self.app)
                      ^^^^^^^^^^^^^^^^^^^^^^^^^^^^
  File "C:\Users\18303\OneDrive\Documents\code\amplifyed-pulse\.venv\Lib\site-packages\uvicorn\importer.py", line 22, in import_from_string
    raise exc from None
  File "C:\Users\18303\OneDrive\Documents\code\amplifyed-pulse\.venv\Lib\site-packages\uvicorn\importer.py", line 19, in import_from_string
    module = importlib.import_module(module_str)
             ^^^^^^^^^^^^^^^^^^^^^^^^^^^^^^^^^^^
  File "C:\Python312\Lib\importlib\__init__.py", line 90, in import_module
    return _bootstrap._gcd_import(name[level:], package, level)
           ^^^^^^^^^^^^^^^^^^^^^^^^^^^^^^^^^^^^^^^^^^^^^^^^^^^^
  File "<frozen importlib._bootstrap>", line 1387, in _gcd_import
  File "<frozen importlib._bootstrap>", line 1360, in _find_and_load
  File "<frozen importlib._bootstrap>", line 1310, in _find_and_load_unlocked
  File "<frozen importlib._bootstrap>", line 488, in _call_with_frames_removed
  File "<frozen importlib._bootstrap>", line 1387, in _gcd_import
  File "<frozen importlib._bootstrap>", line 1360, in _find_and_load
  File "<frozen importlib._bootstrap>", line 1324, in _find_and_load_unlocked
ModuleNotFoundError: No module named 'ai'
Loading training data from C:\Users\18303\OneDrive\Documents\code\amplifyed-pulse\training CSV\AmplifyEd_Feedback_Labeling_Starter.csv
INFO:     Will watch for changes in these directories: ['C:\\Users\\18303\\OneDrive\\Documents\\code\\amplifyed-pulse']
INFO:     Uvicorn running on http://127.0.0.1:8001 (Press CTRL+C to quit)
INFO:     Started reloader process [9480] using StatReload
Process SpawnProcess-1:
Traceback (most recent call last):
  File "C:\Python312\Lib\multiprocessing\process.py", line 314, in _bootstrap
    self.run()
  File "C:\Python312\Lib\multiprocessing\process.py", line 108, in run
    self._target(*self._args, **self._kwargs)
  File "C:\Users\18303\OneDrive\Documents\code\amplifyed-pulse\.venv\Lib\site-packages\uvicorn\_subprocess.py", line 80, in subprocess_started
    target(sockets=sockets)
  File "C:\Users\18303\OneDrive\Documents\code\amplifyed-pulse\.venv\Lib\site-packages\uvicorn\server.py", line 67, in run
    return asyncio_run(self.serve(sockets=sockets), loop_factory=self.config.get_loop_factory())
           ^^^^^^^^^^^^^^^^^^^^^^^^^^^^^^^^^^^^^^^^^^^^^^^^^^^^^^^^^^^^^^^^^^^^^^^^^^^^^^^^^^^^^
  File "C:\Python312\Lib\asyncio\runners.py", line 194, in run
    return runner.run(main)
           ^^^^^^^^^^^^^^^^
  File "C:\Python312\Lib\asyncio\runners.py", line 118, in run
    return self._loop.run_until_complete(task)
           ^^^^^^^^^^^^^^^^^^^^^^^^^^^^^^^^^^^
  File "C:\Python312\Lib\asyncio\base_events.py", line 684, in run_until_complete
    return future.result()
           ^^^^^^^^^^^^^^^
  File "C:\Users\18303\OneDrive\Documents\code\amplifyed-pulse\.venv\Lib\site-packages\uvicorn\server.py", line 71, in serve
    await self._serve(sockets)
  File "C:\Users\18303\OneDrive\Documents\code\amplifyed-pulse\.venv\Lib\site-packages\uvicorn\server.py", line 78, in _serve
    config.load()
  File "C:\Users\18303\OneDrive\Documents\code\amplifyed-pulse\.venv\Lib\site-packages\uvicorn\config.py", line 439, in load
    self.loaded_app = import_from_string(self.app)
                      ^^^^^^^^^^^^^^^^^^^^^^^^^^^^
  File "C:\Users\18303\OneDrive\Documents\code\amplifyed-pulse\.venv\Lib\site-packages\uvicorn\importer.py", line 22, in import_from_string
    raise exc from None
  File "C:\Users\18303\OneDrive\Documents\code\amplifyed-pulse\.venv\Lib\site-packages\uvicorn\importer.py", line 19, in import_from_string
    module = importlib.import_module(module_str)
             ^^^^^^^^^^^^^^^^^^^^^^^^^^^^^^^^^^^
  File "C:\Python312\Lib\importlib\__init__.py", line 90, in import_module
    return _bootstrap._gcd_import(name[level:], package, level)
           ^^^^^^^^^^^^^^^^^^^^^^^^^^^^^^^^^^^^^^^^^^^^^^^^^^^^
  File "<frozen importlib._bootstrap>", line 1387, in _gcd_import
  File "<frozen importlib._bootstrap>", line 1360, in _find_and_load
  File "<frozen importlib._bootstrap>", line 1310, in _find_and_load_unlocked
  File "<frozen importlib._bootstrap>", line 488, in _call_with_frames_removed
  File "<frozen importlib._bootstrap>", line 1387, in _gcd_import
  File "<frozen importlib._bootstrap>", line 1360, in _find_and_load
  File "<frozen importlib._bootstrap>", line 1324, in _find_and_load_unlocked
ModuleNotFoundError: No module named 'ai'
Loading training data from C:\Users\18303\OneDrive\Documents\code\amplifyed-pulse\training CSV\AmplifyEd_Feedback_Labeling_Starter.csv
